Base path: C:/Programme/Unity5/Editor/Data
Pipe name: \\.\pipe\UnityShaderCompiler-64bit-1-7724
Cmd: getPlatforms
Cmd: compileSnippet
  api=1 type=0 insize=1706 outsize=169 kw=SOFTPARTICLES_OFF ok=1
Cmd: compileSnippet
  api=1 type=1 insize=1706 outsize=109 kw=SOFTPARTICLES_OFF ok=1
Cmd: compileSnippet
  api=1 type=0 insize=5387 outsize=819 kw=POINT ok=1
Cmd: compileSnippet
  api=1 type=1 insize=5387 outsize=1395 kw=POINT ok=1
Cmd: compileSnippet
  api=1 type=0 insize=8211 outsize=1744 kw=DIRECTIONAL SHADOWS_SCREEN LIGHTMAP_OFF DIRLIGHTMAP_OFF DYNAMICLIGHTMAP_OFF VERTEXLIGHT_ON ok=1
Cmd: compileSnippet
  api=1 type=0 insize=982 outsize=1485 kw=DIRECTIONAL SHADOWS_SCREEN LIGHTMAP_OFF DIRLIGHTMAP_OFF DYNAMICLIGHTMAP_OFF VERTEXLIGHT_ON _EMISSION ok=1
Cmd: compileSnippet
  api=1 type=0 insize=982 outsize=1336 kw=DIRECTIONAL SHADOWS_OFF LIGHTMAP_OFF DIRLIGHTMAP_OFF DYNAMICLIGHTMAP_OFF VERTEXLIGHT_ON _EMISSION ok=1
Cmd: compileSnippet
  api=1 type=0 insize=982 outsize=1485 kw=DIRECTIONAL SHADOWS_SCREEN LIGHTMAP_OFF DIRLIGHTMAP_OFF DYNAMICLIGHTMAP_OFF VERTEXLIGHT_ON ok=1
Cmd: compileSnippet
  api=1 type=0 insize=982 outsize=1336 kw=DIRECTIONAL SHADOWS_OFF LIGHTMAP_OFF DIRLIGHTMAP_OFF DYNAMICLIGHTMAP_OFF VERTEXLIGHT_ON ok=1
Cmd: compileSnippet
  api=1 type=0 insize=8211 outsize=1595 kw=DIRECTIONAL SHADOWS_OFF LIGHTMAP_OFF DIRLIGHTMAP_OFF DYNAMICLIGHTMAP_OFF VERTEXLIGHT_ON ok=1
